
[28-Nov-2021 11:02:21 Asia/Dhaka] User error: SQLSTATE[42000]: Syntax error or access violation: 1064 You have an error in your SQL syntax; check the manual that corresponds to your MariaDB server version for the right syntax to use near 'AS _Other

FROM			hms_time AS T
	/*LEFT JOIN		X AS Y ON Y.YID = T.YID*/
	LEFT...' at line 3 in C:\xampp\htdocs\sPHP\library\object\database.php on line 197
[28-Nov-2021 11:02:55 Asia/Dhaka] User error: SQLSTATE[42000]: Syntax error or access violation: 1064 You have an error in your SQL syntax; check the manual that corresponds to your MariaDB server version for the right syntax to use near 'AS _Other

FROM			hms_time AS T
	/*LEFT JOIN		X AS Y ON Y.YID = T.YID*/
	LEFT...' at line 3 in C:\xampp\htdocs\sPHP\library\object\database.php on line 197
[28-Nov-2021 11:03:10 Asia/Dhaka] User error: SQLSTATE[42000]: Syntax error or access violation: 1064 You have an error in your SQL syntax; check the manual that corresponds to your MariaDB server version for the right syntax to use near 'AS _Other

FROM			hms_time AS T
	/*LEFT JOIN		X AS Y ON Y.YID = T.YID*/
	LEFT...' at line 3 in C:\xampp\htdocs\sPHP\library\object\database.php on line 197
[28-Nov-2021 11:05:41 Asia/Dhaka] User error: SQLSTATE[42000]: Syntax error or access violation: 1064 You have an error in your SQL syntax; check the manual that corresponds to your MariaDB server version for the right syntax to use near 'AS _Other

FROM			hms_time AS T
	/*LEFT JOIN		X AS Y ON Y.YID = T.YID*/
	LEFT...' at line 3 in C:\xampp\htdocs\sPHP\library\object\database.php on line 197
[28-Nov-2021 11:06:19 Asia/Dhaka] User error: SQLSTATE[42000]: Syntax error or access violation: 1064 You have an error in your SQL syntax; check the manual that corresponds to your MariaDB server version for the right syntax to use near 'AS _Other

FROM			hms_time AS T
	/*LEFT JOIN		X AS Y ON Y.YID = T.YID*/
	LEFT...' at line 3 in C:\xampp\htdocs\sPHP\library\object\database.php on line 197
[28-Nov-2021 11:06:19 Asia/Dhaka] User error: SQLSTATE[42000]: Syntax error or access violation: 1064 You have an error in your SQL syntax; check the manual that corresponds to your MariaDB server version for the right syntax to use near 'AS _Other

FROM			hms_time AS T
	/*LEFT JOIN		X AS Y ON Y.YID = T.YID*/
	LEFT...' at line 3 in C:\xampp\htdocs\sPHP\library\object\database.php on line 197
[28-Nov-2021 11:08:49 Asia/Dhaka] User error: SQLSTATE[42000]: Syntax error or access violation: 1064 You have an error in your SQL syntax; check the manual that corresponds to your MariaDB server version for the right syntax to use near 'AS _Other

FROM			hms_time AS T
	/*LEFT JOIN		X AS Y ON Y.YID = T.YID*/
	LEFT...' at line 3 in C:\xampp\htdocs\sPHP\library\object\database.php on line 197
[28-Nov-2021 11:08:49 Asia/Dhaka] User error: SQLSTATE[42000]: Syntax error or access violation: 1064 You have an error in your SQL syntax; check the manual that corresponds to your MariaDB server version for the right syntax to use near 'AS _Other

FROM			hms_time AS T
	/*LEFT JOIN		X AS Y ON Y.YID = T.YID*/
	LEFT...' at line 3 in C:\xampp\htdocs\sPHP\library\object\database.php on line 197
[28-Nov-2021 11:09:06 Asia/Dhaka] User error: SQLSTATE[42000]: Syntax error or access violation: 1064 You have an error in your SQL syntax; check the manual that corresponds to your MariaDB server version for the right syntax to use near 'AS _Other

FROM			hms_time AS T
	/*LEFT JOIN		X AS Y ON Y.YID = T.YID*/
	LEFT...' at line 3 in C:\xampp\htdocs\sPHP\library\object\database.php on line 197
[28-Nov-2021 11:09:06 Asia/Dhaka] User error: SQLSTATE[42000]: Syntax error or access violation: 1064 You have an error in your SQL syntax; check the manual that corresponds to your MariaDB server version for the right syntax to use near 'AS _Other

FROM			hms_time AS T
	/*LEFT JOIN		X AS Y ON Y.YID = T.YID*/
	LEFT...' at line 3 in C:\xampp\htdocs\sPHP\library\object\database.php on line 197
[28-Nov-2021 11:09:19 Asia/Dhaka] User error: SQLSTATE[42000]: Syntax error or access violation: 1064 You have an error in your SQL syntax; check the manual that corresponds to your MariaDB server version for the right syntax to use near 'AS _Other

FROM			hms_time AS T
	/*LEFT JOIN		X AS Y ON Y.YID = T.YID*/
	LEFT...' at line 3 in C:\xampp\htdocs\sPHP\library\object\database.php on line 197
[28-Nov-2021 11:09:19 Asia/Dhaka] User error: SQLSTATE[42000]: Syntax error or access violation: 1064 You have an error in your SQL syntax; check the manual that corresponds to your MariaDB server version for the right syntax to use near 'AS _Other

FROM			hms_time AS T
	/*LEFT JOIN		X AS Y ON Y.YID = T.YID*/
	LEFT...' at line 3 in C:\xampp\htdocs\sPHP\library\object\database.php on line 197
[28-Nov-2021 11:09:32 Asia/Dhaka] User error: SQLSTATE[42000]: Syntax error or access violation: 1064 You have an error in your SQL syntax; check the manual that corresponds to your MariaDB server version for the right syntax to use near 'AS _Other

FROM			hms_time AS T
	/*LEFT JOIN		X AS Y ON Y.YID = T.YID*/
	LEFT...' at line 3 in C:\xampp\htdocs\sPHP\library\object\database.php on line 197
[28-Nov-2021 11:13:23 Asia/Dhaka] User error: SQLSTATE[42000]: Syntax error or access violation: 1064 You have an error in your SQL syntax; check the manual that corresponds to your MariaDB server version for the right syntax to use near 'AS _Other

FROM			hms_time AS T
	/*LEFT JOIN		X AS Y ON Y.YID = T.YID*/
	LEFT...' at line 3 in C:\xampp\htdocs\sPHP\library\object\database.php on line 197
[28-Nov-2021 11:14:03 Asia/Dhaka] User error: SQLSTATE[42000]: Syntax error or access violation: 1064 You have an error in your SQL syntax; check the manual that corresponds to your MariaDB server version for the right syntax to use near 'AS _Other

FROM			hms_time AS T
	/*LEFT JOIN		X AS Y ON Y.YID = T.YID*/
	LEFT...' at line 3 in C:\xampp\htdocs\sPHP\library\object\database.php on line 197
[28-Nov-2021 11:14:05 Asia/Dhaka] User error: SQLSTATE[42000]: Syntax error or access violation: 1064 You have an error in your SQL syntax; check the manual that corresponds to your MariaDB server version for the right syntax to use near 'AS _Other

FROM			hms_time AS T
	/*LEFT JOIN		X AS Y ON Y.YID = T.YID*/
	LEFT...' at line 3 in C:\xampp\htdocs\sPHP\library\object\database.php on line 197
[28-Nov-2021 11:18:34 Asia/Dhaka] User error: Undefined array key "TimeFirstName" in C:\xampp\htdocs\sPHP\library\object\html\ui\datagrid.php on line 447
[28-Nov-2021 11:19:54 Asia/Dhaka] User error: Undefined array key "TimeIsActive" in C:\xampp\htdocs\sPHP\library\object\html\ui\datagrid.php on line 447
[28-Nov-2021 11:22:03 Asia/Dhaka] User error: Undefined array key "Date_time" in C:\xampp\htdocs\sPHP\library\object\html\ui\datagrid.php on line 447
[28-Nov-2021 11:22:18 Asia/Dhaka] User error: Undefined array key "Date_time" in C:\xampp\htdocs\sPHP\library\object\html\ui\datagrid.php on line 447
[28-Nov-2021 11:22:34 Asia/Dhaka] User error: Undefined array key "TimeDate_time" in C:\xampp\htdocs\sPHP\library\object\html\ui\datagrid.php on line 447
[28-Nov-2021 11:23:35 Asia/Dhaka] User error: Undefined array key "TimeSchedule" in C:\xampp\htdocs\sPHP\library\object\html\ui\datagrid.php on line 447
[28-Nov-2021 11:23:47 Asia/Dhaka] User error: Undefined array key "TimeSchedule" in C:\xampp\htdocs\sPHP\library\object\html\ui\datagrid.php on line 447
[28-Nov-2021 11:27:34 Asia/Dhaka] User error: Undefined array key "TimeShecduleShecdule" in C:\xampp\htdocs\sPHP\library\object\html\ui\datagrid.php on line 447
[28-Nov-2021 12:39:14 Asia/Dhaka] PHP Fatal error:  Allowed memory size of 268435456 bytes exhausted (tried to allocate 4096 bytes) in C:\xampp\htdocs\sPHP\class.php on line 3594
[28-Nov-2021 13:09:44 Asia/Dhaka] User error: Undefined array key "AvailableDoctor" in C:\xampp\htdocs\responsivetemplate\script\management\generic\availabledoctor.php on line 9
[28-Nov-2021 14:47:35 Asia/Dhaka] User error: Undefined variable $user in C:\xampp\htdocs\responsivetemplate\script\management\generic\appointment.php on line 157
[28-Nov-2021 14:48:45 Asia/Dhaka] User error: Undefined variable $user in C:\xampp\htdocs\responsivetemplate\script\management\generic\appointment.php on line 154
[28-Nov-2021 14:48:45 Asia/Dhaka] User error: Undefined variable $user in C:\xampp\htdocs\responsivetemplate\script\management\generic\appointment.php on line 154
[28-Nov-2021 14:49:07 Asia/Dhaka] User error: Undefined variable $user in C:\xampp\htdocs\responsivetemplate\script\management\generic\appointment.php on line 154
[28-Nov-2021 14:49:07 Asia/Dhaka] User error: Undefined variable $user in C:\xampp\htdocs\responsivetemplate\script\management\generic\appointment.php on line 154
[28-Nov-2021 14:49:31 Asia/Dhaka] User error: Undefined variable $user in C:\xampp\htdocs\responsivetemplate\script\management\generic\appointment.php on line 154
[28-Nov-2021 14:49:31 Asia/Dhaka] User error: Undefined variable $user in C:\xampp\htdocs\responsivetemplate\script\management\generic\appointment.php on line 154
[28-Nov-2021 14:54:51 Asia/Dhaka] User error: Undefined array key "DepartmentName" in C:\xampp\htdocs\sPHP\library\object\html\ui\datagrid.php on line 447
[28-Nov-2021 15:03:01 Asia/Dhaka] PHP Fatal error:  Uncaught Error: Undefined constant "sPHP\INPUT_TYPE_DISABLED" in C:\xampp\htdocs\responsivetemplate\script\management\generic\appointment.php:154
Stack trace:
#0 C:\xampp\htdocs\sPHP\private_function.php(73): require()
#1 C:\xampp\htdocs\sPHP\class.php(1653): sPHP\___ExecuteApplicationScript(Object(sPHP\Application), Object(sPHP\Template), Array)
#2 [internal function]: sPHP\Application->__destruct()
#3 {main}
  thrown in C:\xampp\htdocs\responsivetemplate\script\management\generic\appointment.php on line 154
[28-Nov-2021 15:03:18 Asia/Dhaka] PHP Fatal error:  Uncaught Error: Undefined constant "sPHP\INPUT_TYPE_DISABLE" in C:\xampp\htdocs\responsivetemplate\script\management\generic\appointment.php:154
Stack trace:
#0 C:\xampp\htdocs\sPHP\private_function.php(73): require()
#1 C:\xampp\htdocs\sPHP\class.php(1653): sPHP\___ExecuteApplicationScript(Object(sPHP\Application), Object(sPHP\Template), Array)
#2 [internal function]: sPHP\Application->__destruct()
#3 {main}
  thrown in C:\xampp\htdocs\responsivetemplate\script\management\generic\appointment.php on line 154
[28-Nov-2021 15:03:44 Asia/Dhaka] User error: Undefined array key "DepartmentName" in C:\xampp\htdocs\sPHP\library\object\html\ui\datagrid.php on line 447
[28-Nov-2021 15:04:08 Asia/Dhaka] User error: Undefined array key "DepartmentName" in C:\xampp\htdocs\sPHP\library\object\html\ui\datagrid.php on line 447
[28-Nov-2021 15:04:14 Asia/Dhaka] User error: Undefined array key "DepartmentName" in C:\xampp\htdocs\sPHP\library\object\html\ui\datagrid.php on line 447
[28-Nov-2021 15:04:54 Asia/Dhaka] User error: Undefined array key "Department" in C:\xampp\htdocs\sPHP\library\object\html\ui\datagrid.php on line 447
[28-Nov-2021 15:04:54 Asia/Dhaka] User error: Undefined array key "Department" in C:\xampp\htdocs\sPHP\library\object\html\ui\datagrid.php on line 447
[28-Nov-2021 15:05:15 Asia/Dhaka] User error: Undefined array key "DepartmentID" in C:\xampp\htdocs\sPHP\library\object\html\ui\datagrid.php on line 447
[28-Nov-2021 15:05:15 Asia/Dhaka] User error: Undefined array key "DepartmentID" in C:\xampp\htdocs\sPHP\library\object\html\ui\datagrid.php on line 447
[28-Nov-2021 15:05:30 Asia/Dhaka] User error: Undefined array key "DepartmentID" in C:\xampp\htdocs\sPHP\library\object\html\ui\datagrid.php on line 447
[28-Nov-2021 15:21:38 Asia/Dhaka] User error: Undefined array key "DepartmentID" in C:\xampp\htdocs\sPHP\library\object\html\ui\datagrid.php on line 447
[28-Nov-2021 15:22:56 Asia/Dhaka] User error: Undefined array key "AppointmentTime" in C:\xampp\htdocs\sPHP\library\object\html\ui\datagrid.php on line 447
[28-Nov-2021 15:48:07 Asia/Dhaka] User error: Undefined array key "DoctorTime" in C:\xampp\htdocs\sPHP\library\object\html\ui\datagrid.php on line 447
[28-Nov-2021 15:51:24 Asia/Dhaka] User error: Undefined array key "TimeDoctorTime" in C:\xampp\htdocs\sPHP\library\object\html\ui\datagrid.php on line 447
[28-Nov-2021 15:52:01 Asia/Dhaka] User error: Undefined array key "DoctorTimeShcedule" in C:\xampp\htdocs\sPHP\library\object\html\ui\datagrid.php on line 447
[28-Nov-2021 15:52:23 Asia/Dhaka] User error: Undefined array key "DoctorTimeShcedule" in C:\xampp\htdocs\sPHP\library\object\html\ui\datagrid.php on line 447
[29-Nov-2021 15:40:43 Asia/Dhaka] PHP Fatal error:  Array and string offset access syntax with curly braces is no longer supported in C:\xampp\htdocs\sPHPhms\script\home.php on line 26
[29-Nov-2021 15:42:21 Asia/Dhaka] PHP Parse error:  syntax error, unexpected identifier "src" in C:\xampp\htdocs\sPHPhms\script\home.php on line 31
[29-Nov-2021 16:26:47 Asia/Dhaka] PHP Parse error:  syntax error, unexpected identifier "Management", expecting ")" in C:\xampp\htdocs\sPHPhms\script\home.php on line 32
[29-Nov-2021 16:29:19 Asia/Dhaka] PHP Parse error:  syntax error, unexpected token "," in C:\xampp\htdocs\sPHPhms\script\home.php on line 32
[29-Nov-2021 16:42:05 Asia/Dhaka] PHP Parse error:  syntax error, unexpected token "," in C:\xampp\htdocs\sPHPhms\script\home.php on line 33
[29-Nov-2021 16:42:31 Asia/Dhaka] PHP Fatal error:  Uncaught Error: Object of class sPHP\HTML\UI\Datagrid\Action could not be converted to string in C:\xampp\htdocs\sPHPhms\script\home.php:33
Stack trace:
#0 C:\xampp\htdocs\sPHP\private_function.php(73): require()
#1 C:\xampp\htdocs\sPHP\class.php(1653): sPHP\___ExecuteApplicationScript(Object(sPHP\Application), Object(sPHP\Template), Array)
#2 [internal function]: sPHP\Application->__destruct()
#3 {main}
  thrown in C:\xampp\htdocs\sPHPhms\script\home.php on line 33
[29-Nov-2021 16:43:07 Asia/Dhaka] PHP Fatal error:  Uncaught Error: Object of class sPHP\HTML\UI\Datagrid\Action could not be converted to string in C:\xampp\htdocs\sPHPhms\script\home.php:34
Stack trace:
#0 C:\xampp\htdocs\sPHP\private_function.php(73): require()
#1 C:\xampp\htdocs\sPHP\class.php(1653): sPHP\___ExecuteApplicationScript(Object(sPHP\Application), Object(sPHP\Template), Array)
#2 [internal function]: sPHP\Application->__destruct()
#3 {main}
  thrown in C:\xampp\htdocs\sPHPhms\script\home.php on line 34
[29-Nov-2021 16:43:20 Asia/Dhaka] PHP Fatal error:  Uncaught Error: Object of class sPHP\HTML\UI\Datagrid\Action could not be converted to string in C:\xampp\htdocs\sPHPhms\script\home.php:34
Stack trace:
#0 C:\xampp\htdocs\sPHP\private_function.php(73): require()
#1 C:\xampp\htdocs\sPHP\class.php(1653): sPHP\___ExecuteApplicationScript(Object(sPHP\Application), Object(sPHP\Template), Array)
#2 [internal function]: sPHP\Application->__destruct()
#3 {main}
  thrown in C:\xampp\htdocs\sPHPhms\script\home.php on line 34
[29-Nov-2021 16:43:40 Asia/Dhaka] PHP Fatal error:  Uncaught Error: Object of class sPHP\HTML\UI\Button could not be converted to string in C:\xampp\htdocs\sPHPhms\script\home.php:34
Stack trace:
#0 C:\xampp\htdocs\sPHP\private_function.php(73): require()
#1 C:\xampp\htdocs\sPHP\class.php(1653): sPHP\___ExecuteApplicationScript(Object(sPHP\Application), Object(sPHP\Template), Array)
#2 [internal function]: sPHP\Application->__destruct()
#3 {main}
  thrown in C:\xampp\htdocs\sPHPhms\script\home.php on line 34
[29-Nov-2021 16:45:01 Asia/Dhaka] PHP Parse error:  syntax error, unexpected token "<" in C:\xampp\htdocs\sPHPhms\script\home.php on line 32
[29-Nov-2021 16:45:24 Asia/Dhaka] PHP Parse error:  syntax error, unexpected token "<" in C:\xampp\htdocs\sPHPhms\script\home.php on line 32
[29-Nov-2021 16:45:25 Asia/Dhaka] PHP Parse error:  syntax error, unexpected token "<" in C:\xampp\htdocs\sPHPhms\script\home.php on line 32
[30-Nov-2021 12:32:10 Asia/Dhaka] PHP Fatal error:  Uncaught Error: Undefined constant "sPHP\Managenment" in C:\xampp\htdocs\sPHPhms\script\home.php:31
Stack trace:
#0 C:\xampp\htdocs\sPHP\private_function.php(73): require()
#1 C:\xampp\htdocs\sPHP\class.php(1653): sPHP\___ExecuteApplicationScript(Object(sPHP\Application), Object(sPHP\Template), Array)
#2 [internal function]: sPHP\Application->__destruct()
#3 {main}
  thrown in C:\xampp\htdocs\sPHPhms\script\home.php on line 31
[30-Nov-2021 12:32:12 Asia/Dhaka] PHP Fatal error:  Uncaught Error: Undefined constant "sPHP\Managenment" in C:\xampp\htdocs\sPHPhms\script\home.php:31
Stack trace:
#0 C:\xampp\htdocs\sPHP\private_function.php(73): require()
#1 C:\xampp\htdocs\sPHP\class.php(1653): sPHP\___ExecuteApplicationScript(Object(sPHP\Application), Object(sPHP\Template), Array)
#2 [internal function]: sPHP\Application->__destruct()
#3 {main}
  thrown in C:\xampp\htdocs\sPHPhms\script\home.php on line 31
[30-Nov-2021 12:32:20 Asia/Dhaka] PHP Fatal error:  Uncaught Error: Undefined constant "sPHP\Managenment" in C:\xampp\htdocs\sPHPhms\script\home.php:31
Stack trace:
#0 C:\xampp\htdocs\sPHP\private_function.php(73): require()
#1 C:\xampp\htdocs\sPHP\class.php(1653): sPHP\___ExecuteApplicationScript(Object(sPHP\Application), Object(sPHP\Template), Array)
#2 [internal function]: sPHP\Application->__destruct()
#3 {main}
  thrown in C:\xampp\htdocs\sPHPhms\script\home.php on line 31
[30-Nov-2021 12:32:55 Asia/Dhaka] PHP Fatal error:  Uncaught Error: Undefined constant "sPHP\Managenment" in C:\xampp\htdocs\sPHPhms\script\home.php:31
Stack trace:
#0 C:\xampp\htdocs\sPHP\private_function.php(73): require()
#1 C:\xampp\htdocs\sPHP\class.php(1653): sPHP\___ExecuteApplicationScript(Object(sPHP\Application), Object(sPHP\Template), Array)
#2 [internal function]: sPHP\Application->__destruct()
#3 {main}
  thrown in C:\xampp\htdocs\sPHPhms\script\home.php on line 31
[30-Nov-2021 12:39:16 Asia/Dhaka] PHP Parse error:  syntax error, unexpected token "{" in C:\xampp\htdocs\sPHPhms\script\home.php on line 31
[30-Nov-2021 12:39:32 Asia/Dhaka] PHP Fatal error:  Uncaught Error: Undefined constant "sPHP\Managenment" in C:\xampp\htdocs\sPHPhms\script\home.php:31
Stack trace:
#0 C:\xampp\htdocs\sPHP\private_function.php(73): require()
#1 C:\xampp\htdocs\sPHP\class.php(1653): sPHP\___ExecuteApplicationScript(Object(sPHP\Application), Object(sPHP\Template), Array)
#2 [internal function]: sPHP\Application->__destruct()
#3 {main}
  thrown in C:\xampp\htdocs\sPHPhms\script\home.php on line 31
[30-Nov-2021 12:41:33 Asia/Dhaka] PHP Fatal error:  Uncaught Error: Undefined constant "sPHP\appointment" in C:\xampp\htdocs\sPHPhms\script\home.php:31
Stack trace:
#0 C:\xampp\htdocs\sPHP\private_function.php(73): require()
#1 C:\xampp\htdocs\sPHP\class.php(1653): sPHP\___ExecuteApplicationScript(Object(sPHP\Application), Object(sPHP\Template), Array)
#2 [internal function]: sPHP\Application->__destruct()
#3 {main}
  thrown in C:\xampp\htdocs\sPHPhms\script\home.php on line 31
[30-Nov-2021 12:45:40 Asia/Dhaka] PHP Parse error:  syntax error, unexpected token "," in C:\xampp\htdocs\sPHPhms\script\home.php on line 33
[30-Nov-2021 12:45:52 Asia/Dhaka] PHP Fatal error:  Uncaught Error: Object of class sPHP\HTML\UI\Accordion\Item could not be converted to string in C:\xampp\htdocs\sPHPhms\script\home.php:31
Stack trace:
#0 C:\xampp\htdocs\sPHP\private_function.php(73): require()
#1 C:\xampp\htdocs\sPHP\class.php(1653): sPHP\___ExecuteApplicationScript(Object(sPHP\Application), Object(sPHP\Template), Array)
#2 [internal function]: sPHP\Application->__destruct()
#3 {main}
  thrown in C:\xampp\htdocs\sPHPhms\script\home.php on line 31
[30-Nov-2021 12:45:53 Asia/Dhaka] PHP Fatal error:  Uncaught Error: Object of class sPHP\HTML\UI\Accordion\Item could not be converted to string in C:\xampp\htdocs\sPHPhms\script\home.php:31
Stack trace:
#0 C:\xampp\htdocs\sPHP\private_function.php(73): require()
#1 C:\xampp\htdocs\sPHP\class.php(1653): sPHP\___ExecuteApplicationScript(Object(sPHP\Application), Object(sPHP\Template), Array)
#2 [internal function]: sPHP\Application->__destruct()
#3 {main}
  thrown in C:\xampp\htdocs\sPHPhms\script\home.php on line 31
[30-Nov-2021 12:45:54 Asia/Dhaka] PHP Fatal error:  Uncaught Error: Object of class sPHP\HTML\UI\Accordion\Item could not be converted to string in C:\xampp\htdocs\sPHPhms\script\home.php:31
Stack trace:
#0 C:\xampp\htdocs\sPHP\private_function.php(73): require()
#1 C:\xampp\htdocs\sPHP\class.php(1653): sPHP\___ExecuteApplicationScript(Object(sPHP\Application), Object(sPHP\Template), Array)
#2 [internal function]: sPHP\Application->__destruct()
#3 {main}
  thrown in C:\xampp\htdocs\sPHPhms\script\home.php on line 31
[30-Nov-2021 12:47:12 Asia/Dhaka] PHP Fatal error:  Uncaught Error: Object of class sPHP\HTML\UI\Accordion\Item could not be converted to string in C:\xampp\htdocs\sPHPhms\script\home.php:33
Stack trace:
#0 C:\xampp\htdocs\sPHP\private_function.php(73): require()
#1 C:\xampp\htdocs\sPHP\class.php(1653): sPHP\___ExecuteApplicationScript(Object(sPHP\Application), Object(sPHP\Template), Array)
#2 [internal function]: sPHP\Application->__destruct()
#3 {main}
  thrown in C:\xampp\htdocs\sPHPhms\script\home.php on line 33
[30-Nov-2021 15:49:43 Asia/Dhaka] PHP Parse error:  Unmatched '}' in C:\xampp\htdocs\sPHPhms\script\management\generic\doctorinfo.php on line 195
[30-Nov-2021 15:49:54 Asia/Dhaka] PHP Parse error:  Unmatched '}' in C:\xampp\htdocs\sPHPhms\script\management\generic\doctorinfo.php on line 195
